2012/11/29 12:24:26 [error] [exception.CHttpException.404] exception 'CHttpException' with message 'Unable to resolve the request "gii".' in D:\wamp\www\yii-1.1.12.b600af\framework\web\CWebApplication.php:287
Stack trace:
#0 D:\wamp\www\yii-1.1.12.b600af\framework\web\CWebApplication.php(142): CWebApplication->runController('gii')
#1 D:\wamp\www\yii-1.1.12.b600af\framework\base\CApplication.php(162): CWebApplication->processRequest()
#2 D:\Workspace\yc\index.php(13): CApplication->run()
#3 {main}
REQUEST_URI=/yc/index.php?r=gii
---
2012/11/29 12:26:15 [error] [exception.CHttpException.404] exception 'CHttpException' with message 'Unable to resolve the request "gii".' in D:\wamp\www\yii-1.1.12.b600af\framework\web\CWebApplication.php:287
Stack trace:
#0 D:\wamp\www\yii-1.1.12.b600af\framework\web\CWebApplication.php(142): CWebApplication->runController('gii')
#1 D:\wamp\www\yii-1.1.12.b600af\framework\base\CApplication.php(162): CWebApplication->processRequest()
#2 D:\Workspace\yc\index.php(13): CApplication->run()
#3 {main}
REQUEST_URI=/yc/index.php?r=gii
---
2012/11/29 14:08:12 [error] [exception.CHttpException.400] exception 'CHttpException' with message 'Your request is invalid.' in D:\wamp\www\yii-1.1.12.b600af\framework\web\CController.php:337
Stack trace:
#0 D:\wamp\www\yii-1.1.12.b600af\framework\web\CController.php(310): CController->invalidActionParams(Object(CInlineAction))
#1 D:\wamp\www\yii-1.1.12.b600af\framework\web\filters\CFilterChain.php(134): CController->runAction(Object(CInlineAction))
#2 D:\wamp\www\yii-1.1.12.b600af\framework\web\filters\CFilter.php(41): CFilterChain->run()
#3 D:\wamp\www\yii-1.1.12.b600af\framework\web\CController.php(1146): CFilter->filter(Object(CFilterChain))
#4 D:\wamp\www\yii-1.1.12.b600af\framework\web\filters\CInlineFilter.php(59): CController->filterAccessControl(Object(CFilterChain))
#5 D:\wamp\www\yii-1.1.12.b600af\framework\web\filters\CFilterChain.php(131): CInlineFilter->filter(Object(CFilterChain))
#6 D:\wamp\www\yii-1.1.12.b600af\framework\web\CController.php(292): CFilterChain->run()
#7 D:\wamp\www\yii-1.1.12.b600af\framework\web\CController.php(266): CController->runActionWithFilters(Object(CInlineAction), Array)
#8 D:\wamp\www\yii-1.1.12.b600af\framework\web\CWebApplication.php(283): CController->run('view')
#9 D:\wamp\www\yii-1.1.12.b600af\framework\web\CWebApplication.php(142): CWebApplication->runController('dailycash/view')
#10 D:\wamp\www\yii-1.1.12.b600af\framework\base\CApplication.php(162): CWebApplication->processRequest()
#11 D:\Workspace\yc\index.php(13): CApplication->run()
#12 {main}
REQUEST_URI=/yc/index.php?r=dailycash/view
---
2012/11/29 14:08:38 [error] [exception.CHttpException.400] exception 'CHttpException' with message 'Your request is invalid.' in D:\wamp\www\yii-1.1.12.b600af\framework\web\CController.php:337
Stack trace:
#0 D:\wamp\www\yii-1.1.12.b600af\framework\web\CController.php(310): CController->invalidActionParams(Object(CInlineAction))
#1 D:\wamp\www\yii-1.1.12.b600af\framework\web\filters\CFilterChain.php(134): CController->runAction(Object(CInlineAction))
#2 D:\wamp\www\yii-1.1.12.b600af\framework\web\filters\CFilter.php(41): CFilterChain->run()
#3 D:\wamp\www\yii-1.1.12.b600af\framework\web\CController.php(1146): CFilter->filter(Object(CFilterChain))
#4 D:\wamp\www\yii-1.1.12.b600af\framework\web\filters\CInlineFilter.php(59): CController->filterAccessControl(Object(CFilterChain))
#5 D:\wamp\www\yii-1.1.12.b600af\framework\web\filters\CFilterChain.php(131): CInlineFilter->filter(Object(CFilterChain))
#6 D:\wamp\www\yii-1.1.12.b600af\framework\web\CController.php(292): CFilterChain->run()
#7 D:\wamp\www\yii-1.1.12.b600af\framework\web\CController.php(266): CController->runActionWithFilters(Object(CInlineAction), Array)
#8 D:\wamp\www\yii-1.1.12.b600af\framework\web\CWebApplication.php(283): CController->run('view')
#9 D:\wamp\www\yii-1.1.12.b600af\framework\web\CWebApplication.php(142): CWebApplication->runController('dailycash/view')
#10 D:\wamp\www\yii-1.1.12.b600af\framework\base\CApplication.php(162): CWebApplication->processRequest()
#11 D:\Workspace\yc\index.php(13): CApplication->run()
#12 {main}
REQUEST_URI=/yc/index.php?r=dailycash/view
---
2012/11/29 14:10:22 [error] [php] Trying to get property of non-object (D:\Workspace\yc\protected\models\GpCp.php:100)
Stack trace:
#0 D:\wamp\www\yii-1.1.12.b600af\framework\zii\widgets\grid\CDataColumn.php(132): CDataColumn->evaluateExpression()
#1 D:\wamp\www\yii-1.1.12.b600af\framework\zii\widgets\grid\CGridColumn.php(145): CDataColumn->renderDataCellContent()
#2 D:\wamp\www\yii-1.1.12.b600af\framework\zii\widgets\grid\CGridView.php(546): CDataColumn->renderDataCell()
#3 D:\wamp\www\yii-1.1.12.b600af\framework\zii\widgets\grid\CGridView.php(517): CGridView->renderTableRow()
#4 D:\wamp\www\yii-1.1.12.b600af\framework\zii\widgets\grid\CGridView.php(427): CGridView->renderTableBody()
#5 D:\wamp\www\yii-1.1.12.b600af\framework\zii\widgets\CBaseListView.php(161): CGridView->renderItems()
#6 unknown(0): CGridView->renderSection()
#7 D:\wamp\www\yii-1.1.12.b600af\framework\zii\widgets\CBaseListView.php(144): preg_replace_callback()
#8 D:\wamp\www\yii-1.1.12.b600af\framework\zii\widgets\CBaseListView.php(129): CGridView->renderContent()
#9 D:\wamp\www\yii-1.1.12.b600af\framework\web\CBaseController.php(174): CGridView->run()
#10 D:\Workspace\yc\protected\views\dailyCash\admin.php(59): DailyCashController->widget()
#11 D:\wamp\www\yii-1.1.12.b600af\framework\web\CBaseController.php(127): require()
#12 D:\wamp\www\yii-1.1.12.b600af\framework\web\CBaseController.php(96): DailyCashController->renderInternal()
#13 D:\wamp\www\yii-1.1.12.b600af\framework\web\CController.php(870): DailyCashController->renderFile()
#14 D:\wamp\www\yii-1.1.12.b600af\framework\web\CController.php(783): DailyCashController->renderPartial()
#15 D:\Workspace\yc\protected\controllers\DailyCashController.php(143): DailyCashController->render()
#16 D:\wamp\www\yii-1.1.12.b600af\framework\web\actions\CInlineAction.php(50): DailyCashController->actionAdmin()
#17 D:\wamp\www\yii-1.1.12.b600af\framework\web\CController.php(309): CInlineAction->runWithParams()
#18 D:\wamp\www\yii-1.1.12.b600af\framework\web\filters\CFilterChain.php(134): DailyCashController->runAction()
#19 D:\wamp\www\yii-1.1.12.b600af\framework\web\filters\CFilter.php(41): CFilterChain->run()
#20 D:\wamp\www\yii-1.1.12.b600af\framework\web\CController.php(1146): CAccessControlFilter->filter()
#21 D:\wamp\www\yii-1.1.12.b600af\framework\web\filters\CInlineFilter.php(59): DailyCashController->filterAccessControl()
#22 D:\wamp\www\yii-1.1.12.b600af\framework\web\filters\CFilterChain.php(131): CInlineFilter->filter()
#23 D:\wamp\www\yii-1.1.12.b600af\framework\web\CController.php(292): CFilterChain->run()
#24 D:\wamp\www\yii-1.1.12.b600af\framework\web\CController.php(266): DailyCashController->runActionWithFilters()
#25 D:\wamp\www\yii-1.1.12.b600af\framework\web\CWebApplication.php(283): DailyCashController->run()
#26 D:\wamp\www\yii-1.1.12.b600af\framework\web\CWebApplication.php(142): CWebApplication->runController()
#27 D:\wamp\www\yii-1.1.12.b600af\framework\base\CApplication.php(162): CWebApplication->processRequest()
#28 D:\Workspace\yc\index.php(13): CWebApplication->run()
REQUEST_URI=/yc/index.php?r=dailycash/admin
in D:\Workspace\yc\protected\models\GpCp.php (100)
in D:\Workspace\yc\protected\views\dailyCash\admin.php (59)
in D:\Workspace\yc\protected\controllers\DailyCashController.php (143)
2012/11/29 14:14:33 [error] [php] Trying to get property of non-object (D:\Workspace\yc\protected\models\GpCp.php:100)
Stack trace:
#0 D:\wamp\www\yii-1.1.12.b600af\framework\zii\widgets\grid\CDataColumn.php(132): CDataColumn->evaluateExpression()
#1 D:\wamp\www\yii-1.1.12.b600af\framework\zii\widgets\grid\CGridColumn.php(145): CDataColumn->renderDataCellContent()
#2 D:\wamp\www\yii-1.1.12.b600af\framework\zii\widgets\grid\CGridView.php(546): CDataColumn->renderDataCell()
#3 D:\wamp\www\yii-1.1.12.b600af\framework\zii\widgets\grid\CGridView.php(517): CGridView->renderTableRow()
#4 D:\wamp\www\yii-1.1.12.b600af\framework\zii\widgets\grid\CGridView.php(427): CGridView->renderTableBody()
#5 D:\wamp\www\yii-1.1.12.b600af\framework\zii\widgets\CBaseListView.php(161): CGridView->renderItems()
#6 unknown(0): CGridView->renderSection()
#7 D:\wamp\www\yii-1.1.12.b600af\framework\zii\widgets\CBaseListView.php(144): preg_replace_callback()
#8 D:\wamp\www\yii-1.1.12.b600af\framework\zii\widgets\CBaseListView.php(129): CGridView->renderContent()
#9 D:\wamp\www\yii-1.1.12.b600af\framework\web\CBaseController.php(174): CGridView->run()
#10 D:\Workspace\yc\protected\views\dailyCash\admin.php(59): DailyCashController->widget()
#11 D:\wamp\www\yii-1.1.12.b600af\framework\web\CBaseController.php(127): require()
#12 D:\wamp\www\yii-1.1.12.b600af\framework\web\CBaseController.php(96): DailyCashController->renderInternal()
#13 D:\wamp\www\yii-1.1.12.b600af\framework\web\CController.php(870): DailyCashController->renderFile()
#14 D:\wamp\www\yii-1.1.12.b600af\framework\web\CController.php(783): DailyCashController->renderPartial()
#15 D:\Workspace\yc\protected\controllers\DailyCashController.php(143): DailyCashController->render()
#16 D:\wamp\www\yii-1.1.12.b600af\framework\web\actions\CInlineAction.php(50): DailyCashController->actionAdmin()
#17 D:\wamp\www\yii-1.1.12.b600af\framework\web\CController.php(309): CInlineAction->runWithParams()
#18 D:\wamp\www\yii-1.1.12.b600af\framework\web\filters\CFilterChain.php(134): DailyCashController->runAction()
#19 D:\wamp\www\yii-1.1.12.b600af\framework\web\filters\CFilter.php(41): CFilterChain->run()
#20 D:\wamp\www\yii-1.1.12.b600af\framework\web\CController.php(1146): CAccessControlFilter->filter()
#21 D:\wamp\www\yii-1.1.12.b600af\framework\web\filters\CInlineFilter.php(59): DailyCashController->filterAccessControl()
#22 D:\wamp\www\yii-1.1.12.b600af\framework\web\filters\CFilterChain.php(131): CInlineFilter->filter()
#23 D:\wamp\www\yii-1.1.12.b600af\framework\web\CController.php(292): CFilterChain->run()
#24 D:\wamp\www\yii-1.1.12.b600af\framework\web\CController.php(266): DailyCashController->runActionWithFilters()
#25 D:\wamp\www\yii-1.1.12.b600af\framework\web\CWebApplication.php(283): DailyCashController->run()
#26 D:\wamp\www\yii-1.1.12.b600af\framework\web\CWebApplication.php(142): CWebApplication->runController()
#27 D:\wamp\www\yii-1.1.12.b600af\framework\base\CApplication.php(162): CWebApplication->processRequest()
#28 D:\Workspace\yc\index.php(13): CWebApplication->run()
REQUEST_URI=/yc/index.php?r=dailycash%2Fadmin&DailyCash_sort=l_avg&ajax=daily-cash-grid
in D:\Workspace\yc\protected\models\GpCp.php (100)
in D:\Workspace\yc\protected\views\dailyCash\admin.php (59)
in D:\Workspace\yc\protected\controllers\DailyCashController.php (143)
2012/11/29 14:14:45 [error] [php] Trying to get property of non-object (D:\Workspace\yc\protected\models\GpCp.php:100)
Stack trace:
#0 D:\wamp\www\yii-1.1.12.b600af\framework\zii\widgets\grid\CDataColumn.php(132): CDataColumn->evaluateExpression()
#1 D:\wamp\www\yii-1.1.12.b600af\framework\zii\widgets\grid\CGridColumn.php(145): CDataColumn->renderDataCellContent()
#2 D:\wamp\www\yii-1.1.12.b600af\framework\zii\widgets\grid\CGridView.php(546): CDataColumn->renderDataCell()
#3 D:\wamp\www\yii-1.1.12.b600af\framework\zii\widgets\grid\CGridView.php(517): CGridView->renderTableRow()
#4 D:\wamp\www\yii-1.1.12.b600af\framework\zii\widgets\grid\CGridView.php(427): CGridView->renderTableBody()
#5 D:\wamp\www\yii-1.1.12.b600af\framework\zii\widgets\CBaseListView.php(161): CGridView->renderItems()
#6 unknown(0): CGridView->renderSection()
#7 D:\wamp\www\yii-1.1.12.b600af\framework\zii\widgets\CBaseListView.php(144): preg_replace_callback()
#8 D:\wamp\www\yii-1.1.12.b600af\framework\zii\widgets\CBaseListView.php(129): CGridView->renderContent()
#9 D:\wamp\www\yii-1.1.12.b600af\framework\web\CBaseController.php(174): CGridView->run()
#10 D:\Workspace\yc\protected\views\dailyCash\admin.php(59): DailyCashController->widget()
#11 D:\wamp\www\yii-1.1.12.b600af\framework\web\CBaseController.php(127): require()
#12 D:\wamp\www\yii-1.1.12.b600af\framework\web\CBaseController.php(96): DailyCashController->renderInternal()
#13 D:\wamp\www\yii-1.1.12.b600af\framework\web\CController.php(870): DailyCashController->renderFile()
#14 D:\wamp\www\yii-1.1.12.b600af\framework\web\CController.php(783): DailyCashController->renderPartial()
#15 D:\Workspace\yc\protected\controllers\DailyCashController.php(143): DailyCashController->render()
#16 D:\wamp\www\yii-1.1.12.b600af\framework\web\actions\CInlineAction.php(50): DailyCashController->actionAdmin()
#17 D:\wamp\www\yii-1.1.12.b600af\framework\web\CController.php(309): CInlineAction->runWithParams()
#18 D:\wamp\www\yii-1.1.12.b600af\framework\web\filters\CFilterChain.php(134): DailyCashController->runAction()
#19 D:\wamp\www\yii-1.1.12.b600af\framework\web\filters\CFilter.php(41): CFilterChain->run()
#20 D:\wamp\www\yii-1.1.12.b600af\framework\web\CController.php(1146): CAccessControlFilter->filter()
#21 D:\wamp\www\yii-1.1.12.b600af\framework\web\filters\CInlineFilter.php(59): DailyCashController->filterAccessControl()
#22 D:\wamp\www\yii-1.1.12.b600af\framework\web\filters\CFilterChain.php(131): CInlineFilter->filter()
#23 D:\wamp\www\yii-1.1.12.b600af\framework\web\CController.php(292): CFilterChain->run()
#24 D:\wamp\www\yii-1.1.12.b600af\framework\web\CController.php(266): DailyCashController->runActionWithFilters()
#25 D:\wamp\www\yii-1.1.12.b600af\framework\web\CWebApplication.php(283): DailyCashController->run()
#26 D:\wamp\www\yii-1.1.12.b600af\framework\web\CWebApplication.php(142): CWebApplication->runController()
#27 D:\wamp\www\yii-1.1.12.b600af\framework\base\CApplication.php(162): CWebApplication->processRequest()
#28 D:\Workspace\yc\index.php(13): CWebApplication->run()
REQUEST_URI=/yc/index.php?r=dailycash%2Fadmin&DailyCash_sort=l_total_num&ajax=daily-cash-grid
in D:\Workspace\yc\protected\models\GpCp.php (100)
in D:\Workspace\yc\protected\views\dailyCash\admin.php (59)
in D:\Workspace\yc\protected\controllers\DailyCashController.php (143)
2012/11/29 14:15:42 [error] [php] Trying to get property of non-object (D:\Workspace\yc\protected\models\GpCp.php:100)
Stack trace:
#0 D:\wamp\www\yii-1.1.12.b600af\framework\zii\widgets\grid\CDataColumn.php(132): CDataColumn->evaluateExpression()
#1 D:\wamp\www\yii-1.1.12.b600af\framework\zii\widgets\grid\CGridColumn.php(145): CDataColumn->renderDataCellContent()
#2 D:\wamp\www\yii-1.1.12.b600af\framework\zii\widgets\grid\CGridView.php(546): CDataColumn->renderDataCell()
#3 D:\wamp\www\yii-1.1.12.b600af\framework\zii\widgets\grid\CGridView.php(517): CGridView->renderTableRow()
#4 D:\wamp\www\yii-1.1.12.b600af\framework\zii\widgets\grid\CGridView.php(427): CGridView->renderTableBody()
#5 D:\wamp\www\yii-1.1.12.b600af\framework\zii\widgets\CBaseListView.php(161): CGridView->renderItems()
#6 unknown(0): CGridView->renderSection()
#7 D:\wamp\www\yii-1.1.12.b600af\framework\zii\widgets\CBaseListView.php(144): preg_replace_callback()
#8 D:\wamp\www\yii-1.1.12.b600af\framework\zii\widgets\CBaseListView.php(129): CGridView->renderContent()
#9 D:\wamp\www\yii-1.1.12.b600af\framework\web\CBaseController.php(174): CGridView->run()
#10 D:\Workspace\yc\protected\views\dailyCash\admin.php(59): DailyCashController->widget()
#11 D:\wamp\www\yii-1.1.12.b600af\framework\web\CBaseController.php(127): require()
#12 D:\wamp\www\yii-1.1.12.b600af\framework\web\CBaseController.php(96): DailyCashController->renderInternal()
#13 D:\wamp\www\yii-1.1.12.b600af\framework\web\CController.php(870): DailyCashController->renderFile()
#14 D:\wamp\www\yii-1.1.12.b600af\framework\web\CController.php(783): DailyCashController->renderPartial()
#15 D:\Workspace\yc\protected\controllers\DailyCashController.php(143): DailyCashController->render()
#16 D:\wamp\www\yii-1.1.12.b600af\framework\web\actions\CInlineAction.php(50): DailyCashController->actionAdmin()
#17 D:\wamp\www\yii-1.1.12.b600af\framework\web\CController.php(309): CInlineAction->runWithParams()
#18 D:\wamp\www\yii-1.1.12.b600af\framework\web\filters\CFilterChain.php(134): DailyCashController->runAction()
#19 D:\wamp\www\yii-1.1.12.b600af\framework\web\filters\CFilter.php(41): CFilterChain->run()
#20 D:\wamp\www\yii-1.1.12.b600af\framework\web\CController.php(1146): CAccessControlFilter->filter()
#21 D:\wamp\www\yii-1.1.12.b600af\framework\web\filters\CInlineFilter.php(59): DailyCashController->filterAccessControl()
#22 D:\wamp\www\yii-1.1.12.b600af\framework\web\filters\CFilterChain.php(131): CInlineFilter->filter()
#23 D:\wamp\www\yii-1.1.12.b600af\framework\web\CController.php(292): CFilterChain->run()
#24 D:\wamp\www\yii-1.1.12.b600af\framework\web\CController.php(266): DailyCashController->runActionWithFilters()
#25 D:\wamp\www\yii-1.1.12.b600af\framework\web\CWebApplication.php(283): DailyCashController->run()
#26 D:\wamp\www\yii-1.1.12.b600af\framework\web\CWebApplication.php(142): CWebApplication->runController()
#27 D:\wamp\www\yii-1.1.12.b600af\framework\base\CApplication.php(162): CWebApplication->processRequest()
#28 D:\Workspace\yc\index.php(13): CWebApplication->run()
REQUEST_URI=/yc/index.php?r=dailycash%2Fadmin&DailyCash_sort=l_avg&ajax=daily-cash-grid
in D:\Workspace\yc\protected\models\GpCp.php (100)
in D:\Workspace\yc\protected\views\dailyCash\admin.php (59)
in D:\Workspace\yc\protected\controllers\DailyCashController.php (143)
2012/11/29 14:15:59 [error] [php] Trying to get property of non-object (D:\Workspace\yc\protected\models\GpCp.php:100)
Stack trace:
#0 D:\wamp\www\yii-1.1.12.b600af\framework\zii\widgets\grid\CDataColumn.php(132): CDataColumn->evaluateExpression()
#1 D:\wamp\www\yii-1.1.12.b600af\framework\zii\widgets\grid\CGridColumn.php(145): CDataColumn->renderDataCellContent()
#2 D:\wamp\www\yii-1.1.12.b600af\framework\zii\widgets\grid\CGridView.php(546): CDataColumn->renderDataCell()
#3 D:\wamp\www\yii-1.1.12.b600af\framework\zii\widgets\grid\CGridView.php(517): CGridView->renderTableRow()
#4 D:\wamp\www\yii-1.1.12.b600af\framework\zii\widgets\grid\CGridView.php(427): CGridView->renderTableBody()
#5 D:\wamp\www\yii-1.1.12.b600af\framework\zii\widgets\CBaseListView.php(161): CGridView->renderItems()
#6 unknown(0): CGridView->renderSection()
#7 D:\wamp\www\yii-1.1.12.b600af\framework\zii\widgets\CBaseListView.php(144): preg_replace_callback()
#8 D:\wamp\www\yii-1.1.12.b600af\framework\zii\widgets\CBaseListView.php(129): CGridView->renderContent()
#9 D:\wamp\www\yii-1.1.12.b600af\framework\web\CBaseController.php(174): CGridView->run()
#10 D:\Workspace\yc\protected\views\dailyCash\admin.php(59): DailyCashController->widget()
#11 D:\wamp\www\yii-1.1.12.b600af\framework\web\CBaseController.php(127): require()
#12 D:\wamp\www\yii-1.1.12.b600af\framework\web\CBaseController.php(96): DailyCashController->renderInternal()
#13 D:\wamp\www\yii-1.1.12.b600af\framework\web\CController.php(870): DailyCashController->renderFile()
#14 D:\wamp\www\yii-1.1.12.b600af\framework\web\CController.php(783): DailyCashController->renderPartial()
#15 D:\Workspace\yc\protected\controllers\DailyCashController.php(143): DailyCashController->render()
#16 D:\wamp\www\yii-1.1.12.b600af\framework\web\actions\CInlineAction.php(50): DailyCashController->actionAdmin()
#17 D:\wamp\www\yii-1.1.12.b600af\framework\web\CController.php(309): CInlineAction->runWithParams()
#18 D:\wamp\www\yii-1.1.12.b600af\framework\web\filters\CFilterChain.php(134): DailyCashController->runAction()
#19 D:\wamp\www\yii-1.1.12.b600af\framework\web\filters\CFilter.php(41): CFilterChain->run()
#20 D:\wamp\www\yii-1.1.12.b600af\framework\web\CController.php(1146): CAccessControlFilter->filter()
#21 D:\wamp\www\yii-1.1.12.b600af\framework\web\filters\CInlineFilter.php(59): DailyCashController->filterAccessControl()
#22 D:\wamp\www\yii-1.1.12.b600af\framework\web\filters\CFilterChain.php(131): CInlineFilter->filter()
#23 D:\wamp\www\yii-1.1.12.b600af\framework\web\CController.php(292): CFilterChain->run()
#24 D:\wamp\www\yii-1.1.12.b600af\framework\web\CController.php(266): DailyCashController->runActionWithFilters()
#25 D:\wamp\www\yii-1.1.12.b600af\framework\web\CWebApplication.php(283): DailyCashController->run()
#26 D:\wamp\www\yii-1.1.12.b600af\framework\web\CWebApplication.php(142): CWebApplication->runController()
#27 D:\wamp\www\yii-1.1.12.b600af\framework\base\CApplication.php(162): CWebApplication->processRequest()
#28 D:\Workspace\yc\index.php(13): CWebApplication->run()
REQUEST_URI=/yc/index.php?r=dailycash%2Fadmin&DailyCash_sort=l_cash_sum&ajax=daily-cash-grid
in D:\Workspace\yc\protected\models\GpCp.php (100)
in D:\Workspace\yc\protected\views\dailyCash\admin.php (59)
in D:\Workspace\yc\protected\controllers\DailyCashController.php (143)
2012/11/29 14:18:20 [error] [php] Trying to get property of non-object (D:\Workspace\yc\protected\models\GpCp.php:100)
Stack trace:
#0 D:\wamp\www\yii-1.1.12.b600af\framework\zii\widgets\grid\CDataColumn.php(132): CDataColumn->evaluateExpression()
#1 D:\wamp\www\yii-1.1.12.b600af\framework\zii\widgets\grid\CGridColumn.php(145): CDataColumn->renderDataCellContent()
#2 D:\wamp\www\yii-1.1.12.b600af\framework\zii\widgets\grid\CGridView.php(546): CDataColumn->renderDataCell()
#3 D:\wamp\www\yii-1.1.12.b600af\framework\zii\widgets\grid\CGridView.php(517): CGridView->renderTableRow()
#4 D:\wamp\www\yii-1.1.12.b600af\framework\zii\widgets\grid\CGridView.php(427): CGridView->renderTableBody()
#5 D:\wamp\www\yii-1.1.12.b600af\framework\zii\widgets\CBaseListView.php(161): CGridView->renderItems()
#6 unknown(0): CGridView->renderSection()
#7 D:\wamp\www\yii-1.1.12.b600af\framework\zii\widgets\CBaseListView.php(144): preg_replace_callback()
#8 D:\wamp\www\yii-1.1.12.b600af\framework\zii\widgets\CBaseListView.php(129): CGridView->renderContent()
#9 D:\wamp\www\yii-1.1.12.b600af\framework\web\CBaseController.php(174): CGridView->run()
#10 D:\Workspace\yc\protected\views\dailyCash\admin.php(59): DailyCashController->widget()
#11 D:\wamp\www\yii-1.1.12.b600af\framework\web\CBaseController.php(127): require()
#12 D:\wamp\www\yii-1.1.12.b600af\framework\web\CBaseController.php(96): DailyCashController->renderInternal()
#13 D:\wamp\www\yii-1.1.12.b600af\framework\web\CController.php(870): DailyCashController->renderFile()
#14 D:\wamp\www\yii-1.1.12.b600af\framework\web\CController.php(783): DailyCashController->renderPartial()
#15 D:\Workspace\yc\protected\controllers\DailyCashController.php(143): DailyCashController->render()
#16 D:\wamp\www\yii-1.1.12.b600af\framework\web\actions\CInlineAction.php(50): DailyCashController->actionAdmin()
#17 D:\wamp\www\yii-1.1.12.b600af\framework\web\CController.php(309): CInlineAction->runWithParams()
#18 D:\wamp\www\yii-1.1.12.b600af\framework\web\filters\CFilterChain.php(134): DailyCashController->runAction()
#19 D:\wamp\www\yii-1.1.12.b600af\framework\web\filters\CFilter.php(41): CFilterChain->run()
#20 D:\wamp\www\yii-1.1.12.b600af\framework\web\CController.php(1146): CAccessControlFilter->filter()
#21 D:\wamp\www\yii-1.1.12.b600af\framework\web\filters\CInlineFilter.php(59): DailyCashController->filterAccessControl()
#22 D:\wamp\www\yii-1.1.12.b600af\framework\web\filters\CFilterChain.php(131): CInlineFilter->filter()
#23 D:\wamp\www\yii-1.1.12.b600af\framework\web\CController.php(292): CFilterChain->run()
#24 D:\wamp\www\yii-1.1.12.b600af\framework\web\CController.php(266): DailyCashController->runActionWithFilters()
#25 D:\wamp\www\yii-1.1.12.b600af\framework\web\CWebApplication.php(283): DailyCashController->run()
#26 D:\wamp\www\yii-1.1.12.b600af\framework\web\CWebApplication.php(142): CWebApplication->runController()
#27 D:\wamp\www\yii-1.1.12.b600af\framework\base\CApplication.php(162): CWebApplication->processRequest()
#28 D:\Workspace\yc\index.php(13): CWebApplication->run()
REQUEST_URI=/yc/index.php?r=dailycash%2Fadmin&DailyCash_sort=l_cash_sum&ajax=daily-cash-grid
in D:\Workspace\yc\protected\models\GpCp.php (100)
in D:\Workspace\yc\protected\views\dailyCash\admin.php (59)
in D:\Workspace\yc\protected\controllers\DailyCashController.php (143)
2012/11/29 14:26:27 [error] [php] Undefined variable: model (D:\Workspace\yc\protected\views\dailyCash\index.php:39)
Stack trace:
#0 D:\wamp\www\yii-1.1.12.b600af\framework\web\CController.php(870): DailyCashController->renderFile()
#1 D:\wamp\www\yii-1.1.12.b600af\framework\web\CController.php(783): DailyCashController->renderPartial()
#2 D:\Workspace\yc\protected\controllers\DailyCashController.php(128): DailyCashController->render()
#3 D:\wamp\www\yii-1.1.12.b600af\framework\web\actions\CInlineAction.php(50): DailyCashController->actionIndex()
#4 D:\wamp\www\yii-1.1.12.b600af\framework\web\CController.php(309): CInlineAction->runWithParams()
#5 D:\wamp\www\yii-1.1.12.b600af\framework\web\filters\CFilterChain.php(134): DailyCashController->runAction()
#6 D:\wamp\www\yii-1.1.12.b600af\framework\web\filters\CFilter.php(41): CFilterChain->run()
#7 D:\wamp\www\yii-1.1.12.b600af\framework\web\CController.php(1146): CAccessControlFilter->filter()
#8 D:\wamp\www\yii-1.1.12.b600af\framework\web\filters\CInlineFilter.php(59): DailyCashController->filterAccessControl()
#9 D:\wamp\www\yii-1.1.12.b600af\framework\web\filters\CFilterChain.php(131): CInlineFilter->filter()
#10 D:\wamp\www\yii-1.1.12.b600af\framework\web\CController.php(292): CFilterChain->run()
#11 D:\wamp\www\yii-1.1.12.b600af\framework\web\CController.php(266): DailyCashController->runActionWithFilters()
#12 D:\wamp\www\yii-1.1.12.b600af\framework\web\CWebApplication.php(283): DailyCashController->run()
#13 D:\wamp\www\yii-1.1.12.b600af\framework\web\CWebApplication.php(142): CWebApplication->runController()
#14 D:\wamp\www\yii-1.1.12.b600af\framework\base\CApplication.php(162): CWebApplication->processRequest()
#15 D:\Workspace\yc\index.php(13): CWebApplication->run()
REQUEST_URI=/yc/index.php?r=dailycash
in D:\Workspace\yc\protected\views\dailyCash\index.php (39)
in D:\Workspace\yc\protected\controllers\DailyCashController.php (128)
in D:\Workspace\yc\index.php (13)
2012/11/29 14:28:48 [error] [exception.CException] exception 'CException' with message 'DailyCashController cannot find the requested view "create".' in D:\wamp\www\yii-1.1.12.b600af\framework\web\CController.php:879
Stack trace:
#0 D:\wamp\www\yii-1.1.12.b600af\framework\web\CController.php(783): CController->renderPartial('create', Array, true)
#1 D:\Workspace\yc\protected\controllers\DailyCashController.php(79): CController->render('create', Array)
#2 D:\wamp\www\yii-1.1.12.b600af\framework\web\actions\CInlineAction.php(50): DailyCashController->actionCreate()
#3 D:\wamp\www\yii-1.1.12.b600af\framework\web\CController.php(309): CInlineAction->runWithParams(Array)
#4 D:\wamp\www\yii-1.1.12.b600af\framework\web\filters\CFilterChain.php(134): CController->runAction(Object(CInlineAction))
#5 D:\wamp\www\yii-1.1.12.b600af\framework\web\filters\CFilter.php(41): CFilterChain->run()
#6 D:\wamp\www\yii-1.1.12.b600af\framework\web\CController.php(1146): CFilter->filter(Object(CFilterChain))
#7 D:\wamp\www\yii-1.1.12.b600af\framework\web\filters\CInlineFilter.php(59): CController->filterAccessControl(Object(CFilterChain))
#8 D:\wamp\www\yii-1.1.12.b600af\framework\web\filters\CFilterChain.php(131): CInlineFilter->filter(Object(CFilterChain))
#9 D:\wamp\www\yii-1.1.12.b600af\framework\web\CController.php(292): CFilterChain->run()
#10 D:\wamp\www\yii-1.1.12.b600af\framework\web\CController.php(266): CController->runActionWithFilters(Object(CInlineAction), Array)
#11 D:\wamp\www\yii-1.1.12.b600af\framework\web\CWebApplication.php(283): CController->run('create')
#12 D:\wamp\www\yii-1.1.12.b600af\framework\web\CWebApplication.php(142): CWebApplication->runController('dailycash/creat...')
#13 D:\wamp\www\yii-1.1.12.b600af\framework\base\CApplication.php(162): CWebApplication->processRequest()
#14 D:\Workspace\yc\index.php(13): CApplication->run()
#15 {main}
REQUEST_URI=/yc/index.php?r=dailycash/create
HTTP_REFERER=http://localhost/yc/index.php?r=dailycash/admin
---
2012/11/29 14:32:45 [error] [php] Trying to get property of non-object (D:\Workspace\yc\protected\models\GpCp.php:100)
Stack trace:
#0 D:\wamp\www\yii-1.1.12.b600af\framework\zii\widgets\grid\CDataColumn.php(132): CDataColumn->evaluateExpression()
#1 D:\wamp\www\yii-1.1.12.b600af\framework\zii\widgets\grid\CGridColumn.php(145): CDataColumn->renderDataCellContent()
#2 D:\wamp\www\yii-1.1.12.b600af\framework\zii\widgets\grid\CGridView.php(546): CDataColumn->renderDataCell()
#3 D:\wamp\www\yii-1.1.12.b600af\framework\zii\widgets\grid\CGridView.php(517): CGridView->renderTableRow()
#4 D:\wamp\www\yii-1.1.12.b600af\framework\zii\widgets\grid\CGridView.php(427): CGridView->renderTableBody()
#5 D:\wamp\www\yii-1.1.12.b600af\framework\zii\widgets\CBaseListView.php(161): CGridView->renderItems()
#6 unknown(0): CGridView->renderSection()
#7 D:\wamp\www\yii-1.1.12.b600af\framework\zii\widgets\CBaseListView.php(144): preg_replace_callback()
#8 D:\wamp\www\yii-1.1.12.b600af\framework\zii\widgets\CBaseListView.php(129): CGridView->renderContent()
#9 D:\wamp\www\yii-1.1.12.b600af\framework\web\CBaseController.php(174): CGridView->run()
#10 D:\Workspace\yc\protected\views\dailyCash\admin.php(59): DailyCashController->widget()
#11 D:\wamp\www\yii-1.1.12.b600af\framework\web\CBaseController.php(127): require()
#12 D:\wamp\www\yii-1.1.12.b600af\framework\web\CBaseController.php(96): DailyCashController->renderInternal()
#13 D:\wamp\www\yii-1.1.12.b600af\framework\web\CController.php(870): DailyCashController->renderFile()
#14 D:\wamp\www\yii-1.1.12.b600af\framework\web\CController.php(783): DailyCashController->renderPartial()
#15 D:\Workspace\yc\protected\controllers\DailyCashController.php(143): DailyCashController->render()
#16 D:\wamp\www\yii-1.1.12.b600af\framework\web\actions\CInlineAction.php(50): DailyCashController->actionAdmin()
#17 D:\wamp\www\yii-1.1.12.b600af\framework\web\CController.php(309): CInlineAction->runWithParams()
#18 D:\wamp\www\yii-1.1.12.b600af\framework\web\filters\CFilterChain.php(134): DailyCashController->runAction()
#19 D:\wamp\www\yii-1.1.12.b600af\framework\web\filters\CFilter.php(41): CFilterChain->run()
#20 D:\wamp\www\yii-1.1.12.b600af\framework\web\CController.php(1146): CAccessControlFilter->filter()
#21 D:\wamp\www\yii-1.1.12.b600af\framework\web\filters\CInlineFilter.php(59): DailyCashController->filterAccessControl()
#22 D:\wamp\www\yii-1.1.12.b600af\framework\web\filters\CFilterChain.php(131): CInlineFilter->filter()
#23 D:\wamp\www\yii-1.1.12.b600af\framework\web\CController.php(292): CFilterChain->run()
#24 D:\wamp\www\yii-1.1.12.b600af\framework\web\CController.php(266): DailyCashController->runActionWithFilters()
#25 D:\wamp\www\yii-1.1.12.b600af\framework\web\CWebApplication.php(283): DailyCashController->run()
#26 D:\wamp\www\yii-1.1.12.b600af\framework\web\CWebApplication.php(142): CWebApplication->runController()
#27 D:\wamp\www\yii-1.1.12.b600af\framework\base\CApplication.php(162): CWebApplication->processRequest()
#28 D:\Workspace\yc\index.php(13): CWebApplication->run()
REQUEST_URI=/yc/index.php?r=dailycash%2Fadmin&DailyCash%5Bl_date%5D=&DailyCash%5Bl_cash_sum%5D=&DailyCash%5Bl_total_num%5D=&DailyCash%5Bl_avg%5D=&DailyCash%5Bl_type%5D=&ajax=daily-cash-grid&DailyCash_sort=l_cash_sum&DailyCash_page=1
in D:\Workspace\yc\protected\models\GpCp.php (100)
in D:\Workspace\yc\protected\views\dailyCash\admin.php (59)
in D:\Workspace\yc\protected\controllers\DailyCashController.php (143)
2012/11/29 14:38:29 [error] [exception.CException] exception 'CException' with message 'DailyCashController cannot find the requested view "index".' in D:\wamp\www\yii-1.1.12.b600af\framework\web\CController.php:879
Stack trace:
#0 D:\wamp\www\yii-1.1.12.b600af\framework\web\CController.php(783): CController->renderPartial('index', Array, true)
#1 D:\Workspace\yc\protected\controllers\DailyCashController.php(128): CController->render('index', Array)
#2 D:\wamp\www\yii-1.1.12.b600af\framework\web\actions\CInlineAction.php(50): DailyCashController->actionIndex()
#3 D:\wamp\www\yii-1.1.12.b600af\framework\web\CController.php(309): CInlineAction->runWithParams(Array)
#4 D:\wamp\www\yii-1.1.12.b600af\framework\web\filters\CFilterChain.php(134): CController->runAction(Object(CInlineAction))
#5 D:\wamp\www\yii-1.1.12.b600af\framework\web\filters\CFilter.php(41): CFilterChain->run()
#6 D:\wamp\www\yii-1.1.12.b600af\framework\web\CController.php(1146): CFilter->filter(Object(CFilterChain))
#7 D:\wamp\www\yii-1.1.12.b600af\framework\web\filters\CInlineFilter.php(59): CController->filterAccessControl(Object(CFilterChain))
#8 D:\wamp\www\yii-1.1.12.b600af\framework\web\filters\CFilterChain.php(131): CInlineFilter->filter(Object(CFilterChain))
#9 D:\wamp\www\yii-1.1.12.b600af\framework\web\CController.php(292): CFilterChain->run()
#10 D:\wamp\www\yii-1.1.12.b600af\framework\web\CController.php(266): CController->runActionWithFilters(Object(CInlineAction), Array)
#11 D:\wamp\www\yii-1.1.12.b600af\framework\web\CWebApplication.php(283): CController->run('index')
#12 D:\wamp\www\yii-1.1.12.b600af\framework\web\CWebApplication.php(142): CWebApplication->runController('dailycash/index')
#13 D:\wamp\www\yii-1.1.12.b600af\framework\base\CApplication.php(162): CWebApplication->processRequest()
#14 D:\Workspace\yc\index.php(13): CApplication->run()
#15 {main}
REQUEST_URI=/yc/index.php?r=dailycash/index
HTTP_REFERER=http://localhost/yc/index.php?r=dailycash/admin
---
2012/11/29 15:02:46 [error] [exception.CException] exception 'CException' with message 'DailyCashController cannot find the requested view "_search".' in D:\wamp\www\yii-1.1.12.b600af\framework\web\CController.php:879
Stack trace:
#0 D:\Workspace\yc\protected\views\dailyCash\admin.php(39): CController->renderPartial('_search', Array)
#1 D:\wamp\www\yii-1.1.12.b600af\framework\web\CBaseController.php(127): require('D:\Workspace\yc...')
#2 D:\wamp\www\yii-1.1.12.b600af\framework\web\CBaseController.php(96): CBaseController->renderInternal('D:\Workspace\yc...', Array, true)
#3 D:\wamp\www\yii-1.1.12.b600af\framework\web\CController.php(870): CBaseController->renderFile('D:\Workspace\yc...', Array, true)
#4 D:\wamp\www\yii-1.1.12.b600af\framework\web\CController.php(783): CController->renderPartial('admin', Array, true)
#5 D:\Workspace\yc\protected\controllers\DailyCashController.php(143): CController->render('admin', Array)
#6 D:\wamp\www\yii-1.1.12.b600af\framework\web\actions\CInlineAction.php(50): DailyCashController->actionAdmin()
#7 D:\wamp\www\yii-1.1.12.b600af\framework\web\CController.php(309): CInlineAction->runWithParams(Array)
#8 D:\wamp\www\yii-1.1.12.b600af\framework\web\filters\CFilterChain.php(134): CController->runAction(Object(CInlineAction))
#9 D:\wamp\www\yii-1.1.12.b600af\framework\web\filters\CFilter.php(41): CFilterChain->run()
#10 D:\wamp\www\yii-1.1.12.b600af\framework\web\CController.php(1146): CFilter->filter(Object(CFilterChain))
#11 D:\wamp\www\yii-1.1.12.b600af\framework\web\filters\CInlineFilter.php(59): CController->filterAccessControl(Object(CFilterChain))
#12 D:\wamp\www\yii-1.1.12.b600af\framework\web\filters\CFilterChain.php(131): CInlineFilter->filter(Object(CFilterChain))
#13 D:\wamp\www\yii-1.1.12.b600af\framework\web\CController.php(292): CFilterChain->run()
#14 D:\wamp\www\yii-1.1.12.b600af\framework\web\CController.php(266): CController->runActionWithFilters(Object(CInlineAction), Array)
#15 D:\wamp\www\yii-1.1.12.b600af\framework\web\CWebApplication.php(283): CController->run('admin')
#16 D:\wamp\www\yii-1.1.12.b600af\framework\web\CWebApplication.php(142): CWebApplication->runController('dailycash/admin')
#17 D:\wamp\www\yii-1.1.12.b600af\framework\base\CApplication.php(162): CWebApplication->processRequest()
#18 D:\Workspace\yc\index.php(13): CApplication->run()
#19 {main}
REQUEST_URI=/yc/index.php?r=dailycash/admin
HTTP_REFERER=http://localhost/yc/index.php?r=dailycash/admin
---
2012/11/29 15:03:31 [error] [exception.CException] exception 'CException' with message 'DailyCashController cannot find the requested view "_search".' in D:\wamp\www\yii-1.1.12.b600af\framework\web\CController.php:879
Stack trace:
#0 D:\Workspace\yc\protected\views\dailyCash\admin.php(39): CController->renderPartial('_search', Array)
#1 D:\wamp\www\yii-1.1.12.b600af\framework\web\CBaseController.php(127): require('D:\Workspace\yc...')
#2 D:\wamp\www\yii-1.1.12.b600af\framework\web\CBaseController.php(96): CBaseController->renderInternal('D:\Workspace\yc...', Array, true)
#3 D:\wamp\www\yii-1.1.12.b600af\framework\web\CController.php(870): CBaseController->renderFile('D:\Workspace\yc...', Array, true)
#4 D:\wamp\www\yii-1.1.12.b600af\framework\web\CController.php(783): CController->renderPartial('admin', Array, true)
#5 D:\Workspace\yc\protected\controllers\DailyCashController.php(143): CController->render('admin', Array)
#6 D:\wamp\www\yii-1.1.12.b600af\framework\web\actions\CInlineAction.php(50): DailyCashController->actionAdmin()
#7 D:\wamp\www\yii-1.1.12.b600af\framework\web\CController.php(309): CInlineAction->runWithParams(Array)
#8 D:\wamp\www\yii-1.1.12.b600af\framework\web\filters\CFilterChain.php(134): CController->runAction(Object(CInlineAction))
#9 D:\wamp\www\yii-1.1.12.b600af\framework\web\filters\CFilter.php(41): CFilterChain->run()
#10 D:\wamp\www\yii-1.1.12.b600af\framework\web\CController.php(1146): CFilter->filter(Object(CFilterChain))
#11 D:\wamp\www\yii-1.1.12.b600af\framework\web\filters\CInlineFilter.php(59): CController->filterAccessControl(Object(CFilterChain))
#12 D:\wamp\www\yii-1.1.12.b600af\framework\web\filters\CFilterChain.php(131): CInlineFilter->filter(Object(CFilterChain))
#13 D:\wamp\www\yii-1.1.12.b600af\framework\web\CController.php(292): CFilterChain->run()
#14 D:\wamp\www\yii-1.1.12.b600af\framework\web\CController.php(266): CController->runActionWithFilters(Object(CInlineAction), Array)
#15 D:\wamp\www\yii-1.1.12.b600af\framework\web\CWebApplication.php(283): CController->run('admin')
#16 D:\wamp\www\yii-1.1.12.b600af\framework\web\CWebApplication.php(142): CWebApplication->runController('dailycash/admin')
#17 D:\wamp\www\yii-1.1.12.b600af\framework\base\CApplication.php(162): CWebApplication->processRequest()
#18 D:\Workspace\yc\index.php(13): CApplication->run()
#19 {main}
REQUEST_URI=/yc/index.php?r=dailycash/admin
HTTP_REFERER=http://localhost/yc/index.php?r=dailycash/admin
---
2012/11/29 15:04:36 [error] [exception.CException] exception 'CException' with message 'DailyCashController cannot find the requested view "_search".' in D:\wamp\www\yii-1.1.12.b600af\framework\web\CController.php:879
Stack trace:
#0 D:\Workspace\yc\protected\views\dailyCash\admin.php(39): CController->renderPartial('_search', Array)
#1 D:\wamp\www\yii-1.1.12.b600af\framework\web\CBaseController.php(127): require('D:\Workspace\yc...')
#2 D:\wamp\www\yii-1.1.12.b600af\framework\web\CBaseController.php(96): CBaseController->renderInternal('D:\Workspace\yc...', Array, true)
#3 D:\wamp\www\yii-1.1.12.b600af\framework\web\CController.php(870): CBaseController->renderFile('D:\Workspace\yc...', Array, true)
#4 D:\wamp\www\yii-1.1.12.b600af\framework\web\CController.php(783): CController->renderPartial('admin', Array, true)
#5 D:\Workspace\yc\protected\controllers\DailyCashController.php(143): CController->render('admin', Array)
#6 D:\wamp\www\yii-1.1.12.b600af\framework\web\actions\CInlineAction.php(50): DailyCashController->actionAdmin()
#7 D:\wamp\www\yii-1.1.12.b600af\framework\web\CController.php(309): CInlineAction->runWithParams(Array)
#8 D:\wamp\www\yii-1.1.12.b600af\framework\web\filters\CFilterChain.php(134): CController->runAction(Object(CInlineAction))
#9 D:\wamp\www\yii-1.1.12.b600af\framework\web\filters\CFilter.php(41): CFilterChain->run()
#10 D:\wamp\www\yii-1.1.12.b600af\framework\web\CController.php(1146): CFilter->filter(Object(CFilterChain))
#11 D:\wamp\www\yii-1.1.12.b600af\framework\web\filters\CInlineFilter.php(59): CController->filterAccessControl(Object(CFilterChain))
#12 D:\wamp\www\yii-1.1.12.b600af\framework\web\filters\CFilterChain.php(131): CInlineFilter->filter(Object(CFilterChain))
#13 D:\wamp\www\yii-1.1.12.b600af\framework\web\CController.php(292): CFilterChain->run()
#14 D:\wamp\www\yii-1.1.12.b600af\framework\web\CController.php(266): CController->runActionWithFilters(Object(CInlineAction), Array)
#15 D:\wamp\www\yii-1.1.12.b600af\framework\web\CWebApplication.php(283): CController->run('admin')
#16 D:\wamp\www\yii-1.1.12.b600af\framework\web\CWebApplication.php(142): CWebApplication->runController('dailycash/admin')
#17 D:\wamp\www\yii-1.1.12.b600af\framework\base\CApplication.php(162): CWebApplication->processRequest()
#18 D:\Workspace\yc\index.php(13): CApplication->run()
#19 {main}
REQUEST_URI=/yc/index.php?r=dailycash/admin
HTTP_REFERER=http://localhost/yc/index.php?r=dailycash/admin
---
2012/11/29 15:05:02 [error] [exception.CException] exception 'CException' with message 'DailyCashController cannot find the requested view "_search".' in D:\wamp\www\yii-1.1.12.b600af\framework\web\CController.php:879
Stack trace:
#0 D:\Workspace\yc\protected\views\dailyCash\admin.php(39): CController->renderPartial('_search', Array)
#1 D:\wamp\www\yii-1.1.12.b600af\framework\web\CBaseController.php(127): require('D:\Workspace\yc...')
#2 D:\wamp\www\yii-1.1.12.b600af\framework\web\CBaseController.php(96): CBaseController->renderInternal('D:\Workspace\yc...', Array, true)
#3 D:\wamp\www\yii-1.1.12.b600af\framework\web\CController.php(870): CBaseController->renderFile('D:\Workspace\yc...', Array, true)
#4 D:\wamp\www\yii-1.1.12.b600af\framework\web\CController.php(783): CController->renderPartial('admin', Array, true)
#5 D:\Workspace\yc\protected\controllers\DailyCashController.php(143): CController->render('admin', Array)
#6 D:\wamp\www\yii-1.1.12.b600af\framework\web\actions\CInlineAction.php(50): DailyCashController->actionAdmin()
#7 D:\wamp\www\yii-1.1.12.b600af\framework\web\CController.php(309): CInlineAction->runWithParams(Array)
#8 D:\wamp\www\yii-1.1.12.b600af\framework\web\filters\CFilterChain.php(134): CController->runAction(Object(CInlineAction))
#9 D:\wamp\www\yii-1.1.12.b600af\framework\web\filters\CFilter.php(41): CFilterChain->run()
#10 D:\wamp\www\yii-1.1.12.b600af\framework\web\CController.php(1146): CFilter->filter(Object(CFilterChain))
#11 D:\wamp\www\yii-1.1.12.b600af\framework\web\filters\CInlineFilter.php(59): CController->filterAccessControl(Object(CFilterChain))
#12 D:\wamp\www\yii-1.1.12.b600af\framework\web\filters\CFilterChain.php(131): CInlineFilter->filter(Object(CFilterChain))
#13 D:\wamp\www\yii-1.1.12.b600af\framework\web\CController.php(292): CFilterChain->run()
#14 D:\wamp\www\yii-1.1.12.b600af\framework\web\CController.php(266): CController->runActionWithFilters(Object(CInlineAction), Array)
#15 D:\wamp\www\yii-1.1.12.b600af\framework\web\CWebApplication.php(283): CController->run('admin')
#16 D:\wamp\www\yii-1.1.12.b600af\framework\web\CWebApplication.php(142): CWebApplication->runController('dailycash/admin')
#17 D:\wamp\www\yii-1.1.12.b600af\framework\base\CApplication.php(162): CWebApplication->processRequest()
#18 D:\Workspace\yc\index.php(13): CApplication->run()
#19 {main}
REQUEST_URI=/yc/index.php?r=dailycash/admin
HTTP_REFERER=http://localhost/yc/index.php?r=dailycash/admin
---
2012/11/29 15:05:04 [error] [exception.CException] exception 'CException' with message 'DailyCashController cannot find the requested view "_search".' in D:\wamp\www\yii-1.1.12.b600af\framework\web\CController.php:879
Stack trace:
#0 D:\Workspace\yc\protected\views\dailyCash\admin.php(39): CController->renderPartial('_search', Array)
#1 D:\wamp\www\yii-1.1.12.b600af\framework\web\CBaseController.php(127): require('D:\Workspace\yc...')
#2 D:\wamp\www\yii-1.1.12.b600af\framework\web\CBaseController.php(96): CBaseController->renderInternal('D:\Workspace\yc...', Array, true)
#3 D:\wamp\www\yii-1.1.12.b600af\framework\web\CController.php(870): CBaseController->renderFile('D:\Workspace\yc...', Array, true)
#4 D:\wamp\www\yii-1.1.12.b600af\framework\web\CController.php(783): CController->renderPartial('admin', Array, true)
#5 D:\Workspace\yc\protected\controllers\DailyCashController.php(143): CController->render('admin', Array)
#6 D:\wamp\www\yii-1.1.12.b600af\framework\web\actions\CInlineAction.php(50): DailyCashController->actionAdmin()
#7 D:\wamp\www\yii-1.1.12.b600af\framework\web\CController.php(309): CInlineAction->runWithParams(Array)
#8 D:\wamp\www\yii-1.1.12.b600af\framework\web\filters\CFilterChain.php(134): CController->runAction(Object(CInlineAction))
#9 D:\wamp\www\yii-1.1.12.b600af\framework\web\filters\CFilter.php(41): CFilterChain->run()
#10 D:\wamp\www\yii-1.1.12.b600af\framework\web\CController.php(1146): CFilter->filter(Object(CFilterChain))
#11 D:\wamp\www\yii-1.1.12.b600af\framework\web\filters\CInlineFilter.php(59): CController->filterAccessControl(Object(CFilterChain))
#12 D:\wamp\www\yii-1.1.12.b600af\framework\web\filters\CFilterChain.php(131): CInlineFilter->filter(Object(CFilterChain))
#13 D:\wamp\www\yii-1.1.12.b600af\framework\web\CController.php(292): CFilterChain->run()
#14 D:\wamp\www\yii-1.1.12.b600af\framework\web\CController.php(266): CController->runActionWithFilters(Object(CInlineAction), Array)
#15 D:\wamp\www\yii-1.1.12.b600af\framework\web\CWebApplication.php(283): CController->run('admin')
#16 D:\wamp\www\yii-1.1.12.b600af\framework\web\CWebApplication.php(142): CWebApplication->runController('dailycash/admin')
#17 D:\wamp\www\yii-1.1.12.b600af\framework\base\CApplication.php(162): CWebApplication->processRequest()
#18 D:\Workspace\yc\index.php(13): CApplication->run()
#19 {main}
REQUEST_URI=/yc/index.php?r=dailycash/admin
HTTP_REFERER=http://localhost/yc/index.php?r=dailycash/admin
---
2012/11/29 15:05:19 [error] [exception.CException] exception 'CException' with message 'DailyCashController cannot find the requested view "_search".' in D:\wamp\www\yii-1.1.12.b600af\framework\web\CController.php:879
Stack trace:
#0 D:\Workspace\yc\protected\views\dailyCash\admin.php(39): CController->renderPartial('_search', Array)
#1 D:\wamp\www\yii-1.1.12.b600af\framework\web\CBaseController.php(127): require('D:\Workspace\yc...')
#2 D:\wamp\www\yii-1.1.12.b600af\framework\web\CBaseController.php(96): CBaseController->renderInternal('D:\Workspace\yc...', Array, true)
#3 D:\wamp\www\yii-1.1.12.b600af\framework\web\CController.php(870): CBaseController->renderFile('D:\Workspace\yc...', Array, true)
#4 D:\wamp\www\yii-1.1.12.b600af\framework\web\CController.php(783): CController->renderPartial('admin', Array, true)
#5 D:\Workspace\yc\protected\controllers\DailyCashController.php(143): CController->render('admin', Array)
#6 D:\wamp\www\yii-1.1.12.b600af\framework\web\actions\CInlineAction.php(50): DailyCashController->actionAdmin()
#7 D:\wamp\www\yii-1.1.12.b600af\framework\web\CController.php(309): CInlineAction->runWithParams(Array)
#8 D:\wamp\www\yii-1.1.12.b600af\framework\web\filters\CFilterChain.php(134): CController->runAction(Object(CInlineAction))
#9 D:\wamp\www\yii-1.1.12.b600af\framework\web\filters\CFilter.php(41): CFilterChain->run()
#10 D:\wamp\www\yii-1.1.12.b600af\framework\web\CController.php(1146): CFilter->filter(Object(CFilterChain))
#11 D:\wamp\www\yii-1.1.12.b600af\framework\web\filters\CInlineFilter.php(59): CController->filterAccessControl(Object(CFilterChain))
#12 D:\wamp\www\yii-1.1.12.b600af\framework\web\filters\CFilterChain.php(131): CInlineFilter->filter(Object(CFilterChain))
#13 D:\wamp\www\yii-1.1.12.b600af\framework\web\CController.php(292): CFilterChain->run()
#14 D:\wamp\www\yii-1.1.12.b600af\framework\web\CController.php(266): CController->runActionWithFilters(Object(CInlineAction), Array)
#15 D:\wamp\www\yii-1.1.12.b600af\framework\web\CWebApplication.php(283): CController->run('admin')
#16 D:\wamp\www\yii-1.1.12.b600af\framework\web\CWebApplication.php(142): CWebApplication->runController('dailycash/admin')
#17 D:\wamp\www\yii-1.1.12.b600af\framework\base\CApplication.php(162): CWebApplication->processRequest()
#18 D:\Workspace\yc\index.php(13): CApplication->run()
#19 {main}
REQUEST_URI=/yc/index.php?r=dailycash/admin
HTTP_REFERER=http://localhost/yc/index.php?r=dailycash/admin
---
2012/11/29 15:06:15 [error] [php] Trying to get property of non-object (D:\Workspace\yc\protected\models\GpCp.php:100)
Stack trace:
#0 D:\wamp\www\yii-1.1.12.b600af\framework\zii\widgets\grid\CDataColumn.php(132): CDataColumn->evaluateExpression()
#1 D:\wamp\www\yii-1.1.12.b600af\framework\zii\widgets\grid\CGridColumn.php(145): CDataColumn->renderDataCellContent()
#2 D:\wamp\www\yii-1.1.12.b600af\framework\zii\widgets\grid\CGridView.php(546): CDataColumn->renderDataCell()
#3 D:\wamp\www\yii-1.1.12.b600af\framework\zii\widgets\grid\CGridView.php(517): CGridView->renderTableRow()
#4 D:\wamp\www\yii-1.1.12.b600af\framework\zii\widgets\grid\CGridView.php(427): CGridView->renderTableBody()
#5 D:\wamp\www\yii-1.1.12.b600af\framework\zii\widgets\CBaseListView.php(161): CGridView->renderItems()
#6 unknown(0): CGridView->renderSection()
#7 D:\wamp\www\yii-1.1.12.b600af\framework\zii\widgets\CBaseListView.php(144): preg_replace_callback()
#8 D:\wamp\www\yii-1.1.12.b600af\framework\zii\widgets\CBaseListView.php(129): CGridView->renderContent()
#9 D:\wamp\www\yii-1.1.12.b600af\framework\web\CBaseController.php(174): CGridView->run()
#10 D:\Workspace\yc\protected\views\dailyCash\admin.php(58): DailyCashController->widget()
#11 D:\wamp\www\yii-1.1.12.b600af\framework\web\CBaseController.php(127): require()
#12 D:\wamp\www\yii-1.1.12.b600af\framework\web\CBaseController.php(96): DailyCashController->renderInternal()
#13 D:\wamp\www\yii-1.1.12.b600af\framework\web\CController.php(870): DailyCashController->renderFile()
#14 D:\wamp\www\yii-1.1.12.b600af\framework\web\CController.php(783): DailyCashController->renderPartial()
#15 D:\Workspace\yc\protected\controllers\DailyCashController.php(143): DailyCashController->render()
#16 D:\wamp\www\yii-1.1.12.b600af\framework\web\actions\CInlineAction.php(50): DailyCashController->actionAdmin()
#17 D:\wamp\www\yii-1.1.12.b600af\framework\web\CController.php(309): CInlineAction->runWithParams()
#18 D:\wamp\www\yii-1.1.12.b600af\framework\web\filters\CFilterChain.php(134): DailyCashController->runAction()
#19 D:\wamp\www\yii-1.1.12.b600af\framework\web\filters\CFilter.php(41): CFilterChain->run()
#20 D:\wamp\www\yii-1.1.12.b600af\framework\web\CController.php(1146): CAccessControlFilter->filter()
#21 D:\wamp\www\yii-1.1.12.b600af\framework\web\filters\CInlineFilter.php(59): DailyCashController->filterAccessControl()
#22 D:\wamp\www\yii-1.1.12.b600af\framework\web\filters\CFilterChain.php(131): CInlineFilter->filter()
#23 D:\wamp\www\yii-1.1.12.b600af\framework\web\CController.php(292): CFilterChain->run()
#24 D:\wamp\www\yii-1.1.12.b600af\framework\web\CController.php(266): DailyCashController->runActionWithFilters()
#25 D:\wamp\www\yii-1.1.12.b600af\framework\web\CWebApplication.php(283): DailyCashController->run()
#26 D:\wamp\www\yii-1.1.12.b600af\framework\web\CWebApplication.php(142): CWebApplication->runController()
#27 D:\wamp\www\yii-1.1.12.b600af\framework\base\CApplication.php(162): CWebApplication->processRequest()
#28 D:\Workspace\yc\index.php(13): CWebApplication->run()
REQUEST_URI=/yc/index.php?r=dailycash%2Fadmin&DailyCash_sort=l_total_num&ajax=daily-cash-grid
in D:\Workspace\yc\protected\models\GpCp.php (100)
in D:\Workspace\yc\protected\views\dailyCash\admin.php (58)
in D:\Workspace\yc\protected\controllers\DailyCashController.php (143)
2012/11/29 15:06:21 [error] [php] Trying to get property of non-object (D:\Workspace\yc\protected\models\GpCp.php:100)
Stack trace:
#0 D:\wamp\www\yii-1.1.12.b600af\framework\zii\widgets\grid\CDataColumn.php(132): CDataColumn->evaluateExpression()
#1 D:\wamp\www\yii-1.1.12.b600af\framework\zii\widgets\grid\CGridColumn.php(145): CDataColumn->renderDataCellContent()
#2 D:\wamp\www\yii-1.1.12.b600af\framework\zii\widgets\grid\CGridView.php(546): CDataColumn->renderDataCell()
#3 D:\wamp\www\yii-1.1.12.b600af\framework\zii\widgets\grid\CGridView.php(517): CGridView->renderTableRow()
#4 D:\wamp\www\yii-1.1.12.b600af\framework\zii\widgets\grid\CGridView.php(427): CGridView->renderTableBody()
#5 D:\wamp\www\yii-1.1.12.b600af\framework\zii\widgets\CBaseListView.php(161): CGridView->renderItems()
#6 unknown(0): CGridView->renderSection()
#7 D:\wamp\www\yii-1.1.12.b600af\framework\zii\widgets\CBaseListView.php(144): preg_replace_callback()
#8 D:\wamp\www\yii-1.1.12.b600af\framework\zii\widgets\CBaseListView.php(129): CGridView->renderContent()
#9 D:\wamp\www\yii-1.1.12.b600af\framework\web\CBaseController.php(174): CGridView->run()
#10 D:\Workspace\yc\protected\views\dailyCash\admin.php(58): DailyCashController->widget()
#11 D:\wamp\www\yii-1.1.12.b600af\framework\web\CBaseController.php(127): require()
#12 D:\wamp\www\yii-1.1.12.b600af\framework\web\CBaseController.php(96): DailyCashController->renderInternal()
#13 D:\wamp\www\yii-1.1.12.b600af\framework\web\CController.php(870): DailyCashController->renderFile()
#14 D:\wamp\www\yii-1.1.12.b600af\framework\web\CController.php(783): DailyCashController->renderPartial()
#15 D:\Workspace\yc\protected\controllers\DailyCashController.php(143): DailyCashController->render()
#16 D:\wamp\www\yii-1.1.12.b600af\framework\web\actions\CInlineAction.php(50): DailyCashController->actionAdmin()
#17 D:\wamp\www\yii-1.1.12.b600af\framework\web\CController.php(309): CInlineAction->runWithParams()
#18 D:\wamp\www\yii-1.1.12.b600af\framework\web\filters\CFilterChain.php(134): DailyCashController->runAction()
#19 D:\wamp\www\yii-1.1.12.b600af\framework\web\filters\CFilter.php(41): CFilterChain->run()
#20 D:\wamp\www\yii-1.1.12.b600af\framework\web\CController.php(1146): CAccessControlFilter->filter()
#21 D:\wamp\www\yii-1.1.12.b600af\framework\web\filters\CInlineFilter.php(59): DailyCashController->filterAccessControl()
#22 D:\wamp\www\yii-1.1.12.b600af\framework\web\filters\CFilterChain.php(131): CInlineFilter->filter()
#23 D:\wamp\www\yii-1.1.12.b600af\framework\web\CController.php(292): CFilterChain->run()
#24 D:\wamp\www\yii-1.1.12.b600af\framework\web\CController.php(266): DailyCashController->runActionWithFilters()
#25 D:\wamp\www\yii-1.1.12.b600af\framework\web\CWebApplication.php(283): DailyCashController->run()
#26 D:\wamp\www\yii-1.1.12.b600af\framework\web\CWebApplication.php(142): CWebApplication->runController()
#27 D:\wamp\www\yii-1.1.12.b600af\framework\base\CApplication.php(162): CWebApplication->processRequest()
#28 D:\Workspace\yc\index.php(13): CWebApplication->run()
REQUEST_URI=/yc/index.php?r=dailycash%2Fadmin&DailyCash_sort=l_avg&ajax=daily-cash-grid
in D:\Workspace\yc\protected\models\GpCp.php (100)
in D:\Workspace\yc\protected\views\dailyCash\admin.php (58)
in D:\Workspace\yc\protected\controllers\DailyCashController.php (143)
2012/11/29 15:06:58 [error] [php] Trying to get property of non-object (D:\Workspace\yc\protected\models\GpCp.php:100)
Stack trace:
#0 D:\wamp\www\yii-1.1.12.b600af\framework\zii\widgets\grid\CDataColumn.php(132): CDataColumn->evaluateExpression()
#1 D:\wamp\www\yii-1.1.12.b600af\framework\zii\widgets\grid\CGridColumn.php(145): CDataColumn->renderDataCellContent()
#2 D:\wamp\www\yii-1.1.12.b600af\framework\zii\widgets\grid\CGridView.php(546): CDataColumn->renderDataCell()
#3 D:\wamp\www\yii-1.1.12.b600af\framework\zii\widgets\grid\CGridView.php(517): CGridView->renderTableRow()
#4 D:\wamp\www\yii-1.1.12.b600af\framework\zii\widgets\grid\CGridView.php(427): CGridView->renderTableBody()
#5 D:\wamp\www\yii-1.1.12.b600af\framework\zii\widgets\CBaseListView.php(161): CGridView->renderItems()
#6 unknown(0): CGridView->renderSection()
#7 D:\wamp\www\yii-1.1.12.b600af\framework\zii\widgets\CBaseListView.php(144): preg_replace_callback()
#8 D:\wamp\www\yii-1.1.12.b600af\framework\zii\widgets\CBaseListView.php(129): CGridView->renderContent()
#9 D:\wamp\www\yii-1.1.12.b600af\framework\web\CBaseController.php(174): CGridView->run()
#10 D:\Workspace\yc\protected\views\dailyCash\admin.php(58): DailyCashController->widget()
#11 D:\wamp\www\yii-1.1.12.b600af\framework\web\CBaseController.php(127): require()
#12 D:\wamp\www\yii-1.1.12.b600af\framework\web\CBaseController.php(96): DailyCashController->renderInternal()
#13 D:\wamp\www\yii-1.1.12.b600af\framework\web\CController.php(870): DailyCashController->renderFile()
#14 D:\wamp\www\yii-1.1.12.b600af\framework\web\CController.php(783): DailyCashController->renderPartial()
#15 D:\Workspace\yc\protected\controllers\DailyCashController.php(143): DailyCashController->render()
#16 D:\wamp\www\yii-1.1.12.b600af\framework\web\actions\CInlineAction.php(50): DailyCashController->actionAdmin()
#17 D:\wamp\www\yii-1.1.12.b600af\framework\web\CController.php(309): CInlineAction->runWithParams()
#18 D:\wamp\www\yii-1.1.12.b600af\framework\web\filters\CFilterChain.php(134): DailyCashController->runAction()
#19 D:\wamp\www\yii-1.1.12.b600af\framework\web\filters\CFilter.php(41): CFilterChain->run()
#20 D:\wamp\www\yii-1.1.12.b600af\framework\web\CController.php(1146): CAccessControlFilter->filter()
#21 D:\wamp\www\yii-1.1.12.b600af\framework\web\filters\CInlineFilter.php(59): DailyCashController->filterAccessControl()
#22 D:\wamp\www\yii-1.1.12.b600af\framework\web\filters\CFilterChain.php(131): CInlineFilter->filter()
#23 D:\wamp\www\yii-1.1.12.b600af\framework\web\CController.php(292): CFilterChain->run()
#24 D:\wamp\www\yii-1.1.12.b600af\framework\web\CController.php(266): DailyCashController->runActionWithFilters()
#25 D:\wamp\www\yii-1.1.12.b600af\framework\web\CWebApplication.php(283): DailyCashController->run()
#26 D:\wamp\www\yii-1.1.12.b600af\framework\web\CWebApplication.php(142): CWebApplication->runController()
#27 D:\wamp\www\yii-1.1.12.b600af\framework\base\CApplication.php(162): CWebApplication->processRequest()
#28 D:\Workspace\yc\index.php(13): CWebApplication->run()
REQUEST_URI=/yc/index.php?r=dailycash%2Fadmin&DailyCash_sort=l_cash_sum&ajax=daily-cash-grid
in D:\Workspace\yc\protected\models\GpCp.php (100)
in D:\Workspace\yc\protected\views\dailyCash\admin.php (58)
in D:\Workspace\yc\protected\controllers\DailyCashController.php (143)
2012/11/29 15:07:03 [error] [php] Trying to get property of non-object (D:\Workspace\yc\protected\models\GpCp.php:100)
Stack trace:
#0 D:\wamp\www\yii-1.1.12.b600af\framework\zii\widgets\grid\CDataColumn.php(132): CDataColumn->evaluateExpression()
#1 D:\wamp\www\yii-1.1.12.b600af\framework\zii\widgets\grid\CGridColumn.php(145): CDataColumn->renderDataCellContent()
#2 D:\wamp\www\yii-1.1.12.b600af\framework\zii\widgets\grid\CGridView.php(546): CDataColumn->renderDataCell()
#3 D:\wamp\www\yii-1.1.12.b600af\framework\zii\widgets\grid\CGridView.php(517): CGridView->renderTableRow()
#4 D:\wamp\www\yii-1.1.12.b600af\framework\zii\widgets\grid\CGridView.php(427): CGridView->renderTableBody()
#5 D:\wamp\www\yii-1.1.12.b600af\framework\zii\widgets\CBaseListView.php(161): CGridView->renderItems()
#6 unknown(0): CGridView->renderSection()
#7 D:\wamp\www\yii-1.1.12.b600af\framework\zii\widgets\CBaseListView.php(144): preg_replace_callback()
#8 D:\wamp\www\yii-1.1.12.b600af\framework\zii\widgets\CBaseListView.php(129): CGridView->renderContent()
#9 D:\wamp\www\yii-1.1.12.b600af\framework\web\CBaseController.php(174): CGridView->run()
#10 D:\Workspace\yc\protected\views\dailyCash\admin.php(58): DailyCashController->widget()
#11 D:\wamp\www\yii-1.1.12.b600af\framework\web\CBaseController.php(127): require()
#12 D:\wamp\www\yii-1.1.12.b600af\framework\web\CBaseController.php(96): DailyCashController->renderInternal()
#13 D:\wamp\www\yii-1.1.12.b600af\framework\web\CController.php(870): DailyCashController->renderFile()
#14 D:\wamp\www\yii-1.1.12.b600af\framework\web\CController.php(783): DailyCashController->renderPartial()
#15 D:\Workspace\yc\protected\controllers\DailyCashController.php(143): DailyCashController->render()
#16 D:\wamp\www\yii-1.1.12.b600af\framework\web\actions\CInlineAction.php(50): DailyCashController->actionAdmin()
#17 D:\wamp\www\yii-1.1.12.b600af\framework\web\CController.php(309): CInlineAction->runWithParams()
#18 D:\wamp\www\yii-1.1.12.b600af\framework\web\filters\CFilterChain.php(134): DailyCashController->runAction()
#19 D:\wamp\www\yii-1.1.12.b600af\framework\web\filters\CFilter.php(41): CFilterChain->run()
#20 D:\wamp\www\yii-1.1.12.b600af\framework\web\CController.php(1146): CAccessControlFilter->filter()
#21 D:\wamp\www\yii-1.1.12.b600af\framework\web\filters\CInlineFilter.php(59): DailyCashController->filterAccessControl()
#22 D:\wamp\www\yii-1.1.12.b600af\framework\web\filters\CFilterChain.php(131): CInlineFilter->filter()
#23 D:\wamp\www\yii-1.1.12.b600af\framework\web\CController.php(292): CFilterChain->run()
#24 D:\wamp\www\yii-1.1.12.b600af\framework\web\CController.php(266): DailyCashController->runActionWithFilters()
#25 D:\wamp\www\yii-1.1.12.b600af\framework\web\CWebApplication.php(283): DailyCashController->run()
#26 D:\wamp\www\yii-1.1.12.b600af\framework\web\CWebApplication.php(142): CWebApplication->runController()
#27 D:\wamp\www\yii-1.1.12.b600af\framework\base\CApplication.php(162): CWebApplication->processRequest()
#28 D:\Workspace\yc\index.php(13): CWebApplication->run()
REQUEST_URI=/yc/index.php?r=dailycash%2Fadmin&DailyCash_sort=l_avg&ajax=daily-cash-grid
in D:\Workspace\yc\protected\models\GpCp.php (100)
in D:\Workspace\yc\protected\views\dailyCash\admin.php (58)
in D:\Workspace\yc\protected\controllers\DailyCashController.php (143)
2012/11/29 15:07:07 [error] [php] Trying to get property of non-object (D:\Workspace\yc\protected\models\GpCp.php:100)
Stack trace:
#0 D:\wamp\www\yii-1.1.12.b600af\framework\zii\widgets\grid\CDataColumn.php(132): CDataColumn->evaluateExpression()
#1 D:\wamp\www\yii-1.1.12.b600af\framework\zii\widgets\grid\CGridColumn.php(145): CDataColumn->renderDataCellContent()
#2 D:\wamp\www\yii-1.1.12.b600af\framework\zii\widgets\grid\CGridView.php(546): CDataColumn->renderDataCell()
#3 D:\wamp\www\yii-1.1.12.b600af\framework\zii\widgets\grid\CGridView.php(517): CGridView->renderTableRow()
#4 D:\wamp\www\yii-1.1.12.b600af\framework\zii\widgets\grid\CGridView.php(427): CGridView->renderTableBody()
#5 D:\wamp\www\yii-1.1.12.b600af\framework\zii\widgets\CBaseListView.php(161): CGridView->renderItems()
#6 unknown(0): CGridView->renderSection()
#7 D:\wamp\www\yii-1.1.12.b600af\framework\zii\widgets\CBaseListView.php(144): preg_replace_callback()
#8 D:\wamp\www\yii-1.1.12.b600af\framework\zii\widgets\CBaseListView.php(129): CGridView->renderContent()
#9 D:\wamp\www\yii-1.1.12.b600af\framework\web\CBaseController.php(174): CGridView->run()
#10 D:\Workspace\yc\protected\views\dailyCash\admin.php(58): DailyCashController->widget()
#11 D:\wamp\www\yii-1.1.12.b600af\framework\web\CBaseController.php(127): require()
#12 D:\wamp\www\yii-1.1.12.b600af\framework\web\CBaseController.php(96): DailyCashController->renderInternal()
#13 D:\wamp\www\yii-1.1.12.b600af\framework\web\CController.php(870): DailyCashController->renderFile()
#14 D:\wamp\www\yii-1.1.12.b600af\framework\web\CController.php(783): DailyCashController->renderPartial()
#15 D:\Workspace\yc\protected\controllers\DailyCashController.php(143): DailyCashController->render()
#16 D:\wamp\www\yii-1.1.12.b600af\framework\web\actions\CInlineAction.php(50): DailyCashController->actionAdmin()
#17 D:\wamp\www\yii-1.1.12.b600af\framework\web\CController.php(309): CInlineAction->runWithParams()
#18 D:\wamp\www\yii-1.1.12.b600af\framework\web\filters\CFilterChain.php(134): DailyCashController->runAction()
#19 D:\wamp\www\yii-1.1.12.b600af\framework\web\filters\CFilter.php(41): CFilterChain->run()
#20 D:\wamp\www\yii-1.1.12.b600af\framework\web\CController.php(1146): CAccessControlFilter->filter()
#21 D:\wamp\www\yii-1.1.12.b600af\framework\web\filters\CInlineFilter.php(59): DailyCashController->filterAccessControl()
#22 D:\wamp\www\yii-1.1.12.b600af\framework\web\filters\CFilterChain.php(131): CInlineFilter->filter()
#23 D:\wamp\www\yii-1.1.12.b600af\framework\web\CController.php(292): CFilterChain->run()
#24 D:\wamp\www\yii-1.1.12.b600af\framework\web\CController.php(266): DailyCashController->runActionWithFilters()
#25 D:\wamp\www\yii-1.1.12.b600af\framework\web\CWebApplication.php(283): DailyCashController->run()
#26 D:\wamp\www\yii-1.1.12.b600af\framework\web\CWebApplication.php(142): CWebApplication->runController()
#27 D:\wamp\www\yii-1.1.12.b600af\framework\base\CApplication.php(162): CWebApplication->processRequest()
#28 D:\Workspace\yc\index.php(13): CWebApplication->run()
REQUEST_URI=/yc/index.php?r=dailycash%2Fadmin&DailyCash_sort=l_total_num&ajax=daily-cash-grid
in D:\Workspace\yc\protected\models\GpCp.php (100)
in D:\Workspace\yc\protected\views\dailyCash\admin.php (58)
in D:\Workspace\yc\protected\controllers\DailyCashController.php (143)
2012/11/29 15:07:20 [error] [php] Trying to get property of non-object (D:\Workspace\yc\protected\models\GpCp.php:100)
Stack trace:
#0 D:\wamp\www\yii-1.1.12.b600af\framework\zii\widgets\grid\CDataColumn.php(132): CDataColumn->evaluateExpression()
#1 D:\wamp\www\yii-1.1.12.b600af\framework\zii\widgets\grid\CGridColumn.php(145): CDataColumn->renderDataCellContent()
#2 D:\wamp\www\yii-1.1.12.b600af\framework\zii\widgets\grid\CGridView.php(546): CDataColumn->renderDataCell()
#3 D:\wamp\www\yii-1.1.12.b600af\framework\zii\widgets\grid\CGridView.php(517): CGridView->renderTableRow()
#4 D:\wamp\www\yii-1.1.12.b600af\framework\zii\widgets\grid\CGridView.php(427): CGridView->renderTableBody()
#5 D:\wamp\www\yii-1.1.12.b600af\framework\zii\widgets\CBaseListView.php(161): CGridView->renderItems()
#6 unknown(0): CGridView->renderSection()
#7 D:\wamp\www\yii-1.1.12.b600af\framework\zii\widgets\CBaseListView.php(144): preg_replace_callback()
#8 D:\wamp\www\yii-1.1.12.b600af\framework\zii\widgets\CBaseListView.php(129): CGridView->renderContent()
#9 D:\wamp\www\yii-1.1.12.b600af\framework\web\CBaseController.php(174): CGridView->run()
#10 D:\Workspace\yc\protected\views\dailyCash\admin.php(58): DailyCashController->widget()
#11 D:\wamp\www\yii-1.1.12.b600af\framework\web\CBaseController.php(127): require()
#12 D:\wamp\www\yii-1.1.12.b600af\framework\web\CBaseController.php(96): DailyCashController->renderInternal()
#13 D:\wamp\www\yii-1.1.12.b600af\framework\web\CController.php(870): DailyCashController->renderFile()
#14 D:\wamp\www\yii-1.1.12.b600af\framework\web\CController.php(783): DailyCashController->renderPartial()
#15 D:\Workspace\yc\protected\controllers\DailyCashController.php(143): DailyCashController->render()
#16 D:\wamp\www\yii-1.1.12.b600af\framework\web\actions\CInlineAction.php(50): DailyCashController->actionAdmin()
#17 D:\wamp\www\yii-1.1.12.b600af\framework\web\CController.php(309): CInlineAction->runWithParams()
#18 D:\wamp\www\yii-1.1.12.b600af\framework\web\filters\CFilterChain.php(134): DailyCashController->runAction()
#19 D:\wamp\www\yii-1.1.12.b600af\framework\web\filters\CFilter.php(41): CFilterChain->run()
#20 D:\wamp\www\yii-1.1.12.b600af\framework\web\CController.php(1146): CAccessControlFilter->filter()
#21 D:\wamp\www\yii-1.1.12.b600af\framework\web\filters\CInlineFilter.php(59): DailyCashController->filterAccessControl()
#22 D:\wamp\www\yii-1.1.12.b600af\framework\web\filters\CFilterChain.php(131): CInlineFilter->filter()
#23 D:\wamp\www\yii-1.1.12.b600af\framework\web\CController.php(292): CFilterChain->run()
#24 D:\wamp\www\yii-1.1.12.b600af\framework\web\CController.php(266): DailyCashController->runActionWithFilters()
#25 D:\wamp\www\yii-1.1.12.b600af\framework\web\CWebApplication.php(283): DailyCashController->run()
#26 D:\wamp\www\yii-1.1.12.b600af\framework\web\CWebApplication.php(142): CWebApplication->runController()
#27 D:\wamp\www\yii-1.1.12.b600af\framework\base\CApplication.php(162): CWebApplication->processRequest()
#28 D:\Workspace\yc\index.php(13): CWebApplication->run()
REQUEST_URI=/yc/index.php?r=dailycash%2Fadmin&DailyCash_sort=l_total_num&ajax=daily-cash-grid
in D:\Workspace\yc\protected\models\GpCp.php (100)
in D:\Workspace\yc\protected\views\dailyCash\admin.php (58)
in D:\Workspace\yc\protected\controllers\DailyCashController.php (143)
